c:\dev\cockroach\cockroach\vendor\glfw\bin\debug-windows-x86_64\glfw\glfw.pdb
c:\dev\cockroach\cockroach\vendor\glfw\bin\debug-windows-x86_64\glfw\glfw.idb
c:\dev\cockroach\cockroach\vendor\glfw\bin-int\debug-windows-x86_64\glfw\win32_window.obj
c:\dev\cockroach\cockroach\vendor\glfw\bin-int\debug-windows-x86_64\glfw\win32_time.obj
c:\dev\cockroach\cockroach\vendor\glfw\bin-int\debug-windows-x86_64\glfw\win32_thread.obj
c:\dev\cockroach\cockroach\vendor\glfw\bin-int\debug-windows-x86_64\glfw\win32_monitor.obj
c:\dev\cockroach\cockroach\vendor\glfw\bin-int\debug-windows-x86_64\glfw\win32_module.obj
c:\dev\cockroach\cockroach\vendor\glfw\bin-int\debug-windows-x86_64\glfw\win32_joystick.obj
c:\dev\cockroach\cockroach\vendor\glfw\bin-int\debug-windows-x86_64\glfw\win32_init.obj
c:\dev\cockroach\cockroach\vendor\glfw\bin-int\debug-windows-x86_64\glfw\wgl_context.obj
c:\dev\cockroach\cockroach\vendor\glfw\bin-int\debug-windows-x86_64\glfw\vulkan.obj
c:\dev\cockroach\cockroach\vendor\glfw\bin-int\debug-windows-x86_64\glfw\platform.obj
c:\dev\cockroach\cockroach\vendor\glfw\bin-int\debug-windows-x86_64\glfw\osmesa_context.obj
c:\dev\cockroach\cockroach\vendor\glfw\bin-int\debug-windows-x86_64\glfw\null_window.obj
c:\dev\cockroach\cockroach\vendor\glfw\bin-int\debug-windows-x86_64\glfw\null_monitor.obj
c:\dev\cockroach\cockroach\vendor\glfw\bin-int\debug-windows-x86_64\glfw\null_joystick.obj
c:\dev\cockroach\cockroach\vendor\glfw\bin-int\debug-windows-x86_64\glfw\null_init.obj
c:\dev\cockroach\cockroach\vendor\glfw\bin-int\debug-windows-x86_64\glfw\monitor.obj
c:\dev\cockroach\cockroach\vendor\glfw\bin-int\debug-windows-x86_64\glfw\input.obj
c:\dev\cockroach\cockroach\vendor\glfw\bin-int\debug-windows-x86_64\glfw\init.obj
c:\dev\cockroach\cockroach\vendor\glfw\bin-int\debug-windows-x86_64\glfw\egl_context.obj
c:\dev\cockroach\cockroach\vendor\glfw\bin-int\debug-windows-x86_64\glfw\context.obj
c:\dev\cockroach\cockroach\vendor\glfw\bin-int\debug-windows-x86_64\glfw\window.obj
c:\dev\cockroach\cockroach\vendor\glfw\bin\debug-windows-x86_64\glfw\glfw.lib
c:\dev\cockroach\cockroach\vendor\glfw\bin-int\debug-windows-x86_64\glfw\context.nativecodeanalysis.xml
c:\dev\cockroach\cockroach\vendor\glfw\bin-int\debug-windows-x86_64\glfw\egl_context.nativecodeanalysis.xml
c:\dev\cockroach\cockroach\vendor\glfw\bin-int\debug-windows-x86_64\glfw\init.nativecodeanalysis.xml
c:\dev\cockroach\cockroach\vendor\glfw\bin-int\debug-windows-x86_64\glfw\input.nativecodeanalysis.xml
c:\dev\cockroach\cockroach\vendor\glfw\bin-int\debug-windows-x86_64\glfw\monitor.nativecodeanalysis.xml
c:\dev\cockroach\cockroach\vendor\glfw\bin-int\debug-windows-x86_64\glfw\null_init.nativecodeanalysis.xml
c:\dev\cockroach\cockroach\vendor\glfw\bin-int\debug-windows-x86_64\glfw\null_joystick.nativecodeanalysis.xml
c:\dev\cockroach\cockroach\vendor\glfw\bin-int\debug-windows-x86_64\glfw\null_monitor.nativecodeanalysis.xml
c:\dev\cockroach\cockroach\vendor\glfw\bin-int\debug-windows-x86_64\glfw\null_window.nativecodeanalysis.xml
c:\dev\cockroach\cockroach\vendor\glfw\bin-int\debug-windows-x86_64\glfw\osmesa_context.nativecodeanalysis.xml
c:\dev\cockroach\cockroach\vendor\glfw\bin-int\debug-windows-x86_64\glfw\platform.nativecodeanalysis.xml
c:\dev\cockroach\cockroach\vendor\glfw\bin-int\debug-windows-x86_64\glfw\vc.nativecodeanalysis.all.xml
c:\dev\cockroach\cockroach\vendor\glfw\bin-int\debug-windows-x86_64\glfw\vulkan.nativecodeanalysis.xml
c:\dev\cockroach\cockroach\vendor\glfw\bin-int\debug-windows-x86_64\glfw\wgl_context.nativecodeanalysis.xml
c:\dev\cockroach\cockroach\vendor\glfw\bin-int\debug-windows-x86_64\glfw\win32_init.nativecodeanalysis.xml
c:\dev\cockroach\cockroach\vendor\glfw\bin-int\debug-windows-x86_64\glfw\win32_joystick.nativecodeanalysis.xml
c:\dev\cockroach\cockroach\vendor\glfw\bin-int\debug-windows-x86_64\glfw\win32_module.nativecodeanalysis.xml
c:\dev\cockroach\cockroach\vendor\glfw\bin-int\debug-windows-x86_64\glfw\win32_monitor.nativecodeanalysis.xml
c:\dev\cockroach\cockroach\vendor\glfw\bin-int\debug-windows-x86_64\glfw\win32_thread.nativecodeanalysis.xml
c:\dev\cockroach\cockroach\vendor\glfw\bin-int\debug-windows-x86_64\glfw\win32_time.nativecodeanalysis.xml
c:\dev\cockroach\cockroach\vendor\glfw\bin-int\debug-windows-x86_64\glfw\win32_window.nativecodeanalysis.xml
c:\dev\cockroach\cockroach\vendor\glfw\bin-int\debug-windows-x86_64\glfw\window.nativecodeanalysis.xml
c:\dev\cockroach\cockroach\vendor\glfw\bin-int\debug-windows-x86_64\glfw\glfw.tlog\cl.command.1.tlog
c:\dev\cockroach\cockroach\vendor\glfw\bin-int\debug-windows-x86_64\glfw\glfw.tlog\cl.read.1.tlog
c:\dev\cockroach\cockroach\vendor\glfw\bin-int\debug-windows-x86_64\glfw\glfw.tlog\cl.write.1.tlog
c:\dev\cockroach\cockroach\vendor\glfw\bin-int\debug-windows-x86_64\glfw\glfw.tlog\lib-link.read.1.tlog
c:\dev\cockroach\cockroach\vendor\glfw\bin-int\debug-windows-x86_64\glfw\glfw.tlog\lib-link.write.1.tlog
c:\dev\cockroach\cockroach\vendor\glfw\bin-int\debug-windows-x86_64\glfw\glfw.tlog\lib.command.1.tlog
