  context.c
C:\Dev\Cockroach\Cockroach\vendor\GLFW\src\context.c(401,10): warning C4996: 'sscanf': This function or variable may be unsafe. Consider using sscanf_s instead. To disable deprecation, use _CRT_SECURE_NO_WARNINGS. See online help for details.
  egl_context.c
  init.c
C:\Dev\Cockroach\Cockroach\vendor\GLFW\src\init.c(185,20): warning C4996: 'strtok': This function or variable may be unsafe. Consider using strtok_s instead. To disable deprecation, use _CRT_SECURE_NO_WARNINGS. See online help for details.
C:\Dev\Cockroach\Cockroach\vendor\GLFW\src\init.c(231,5): warning C4996: 'strcpy': This function or variable may be unsafe. Consider using strcpy_s instead. To disable deprecation, use _CRT_SECURE_NO_WARNINGS. See online help for details.
C:\Dev\Cockroach\Cockroach\vendor\GLFW\src\init.c(347,13): warning C4996: 'strcpy': This function or variable may be unsafe. Consider using strcpy_s instead. To disable deprecation, use _CRT_SECURE_NO_WARNINGS. See online help for details.
C:\Dev\Cockroach\Cockroach\vendor\GLFW\src\init.c(349,13): warning C4996: 'strcpy': This function or variable may be unsafe. Consider using strcpy_s instead. To disable deprecation, use _CRT_SECURE_NO_WARNINGS. See online help for details.
C:\Dev\Cockroach\Cockroach\vendor\GLFW\src\init.c(351,13): warning C4996: 'strcpy': This function or variable may be unsafe. Consider using strcpy_s instead. To disable deprecation, use _CRT_SECURE_NO_WARNINGS. See online help for details.
C:\Dev\Cockroach\Cockroach\vendor\GLFW\src\init.c(353,13): warning C4996: 'strcpy': This function or variable may be unsafe. Consider using strcpy_s instead. To disable deprecation, use _CRT_SECURE_NO_WARNINGS. See online help for details.
C:\Dev\Cockroach\Cockroach\vendor\GLFW\src\init.c(355,13): warning C4996: 'strcpy': This function or variable may be unsafe. Consider using strcpy_s instead. To disable deprecation, use _CRT_SECURE_NO_WARNINGS. See online help for details.
C:\Dev\Cockroach\Cockroach\vendor\GLFW\src\init.c(357,13): warning C4996: 'strcpy': This function or variable may be unsafe. Consider using strcpy_s instead. To disable deprecation, use _CRT_SECURE_NO_WARNINGS. See online help for details.
C:\Dev\Cockroach\Cockroach\vendor\GLFW\src\init.c(359,13): warning C4996: 'strcpy': This function or variable may be unsafe. Consider using strcpy_s instead. To disable deprecation, use _CRT_SECURE_NO_WARNINGS. See online help for details.
C:\Dev\Cockroach\Cockroach\vendor\GLFW\src\init.c(361,13): warning C4996: 'strcpy': This function or variable may be unsafe. Consider using strcpy_s instead. To disable deprecation, use _CRT_SECURE_NO_WARNINGS. See online help for details.
C:\Dev\Cockroach\Cockroach\vendor\GLFW\src\init.c(363,13): warning C4996: 'strcpy': This function or variable may be unsafe. Consider using strcpy_s instead. To disable deprecation, use _CRT_SECURE_NO_WARNINGS. See online help for details.
C:\Dev\Cockroach\Cockroach\vendor\GLFW\src\init.c(365,13): warning C4996: 'strcpy': This function or variable may be unsafe. Consider using strcpy_s instead. To disable deprecation, use _CRT_SECURE_NO_WARNINGS. See online help for details.
C:\Dev\Cockroach\Cockroach\vendor\GLFW\src\init.c(367,13): warning C4996: 'strcpy': This function or variable may be unsafe. Consider using strcpy_s instead. To disable deprecation, use _CRT_SECURE_NO_WARNINGS. See online help for details.
C:\Dev\Cockroach\Cockroach\vendor\GLFW\src\init.c(369,13): warning C4996: 'strcpy': This function or variable may be unsafe. Consider using strcpy_s instead. To disable deprecation, use _CRT_SECURE_NO_WARNINGS. See online help for details.
C:\Dev\Cockroach\Cockroach\vendor\GLFW\src\init.c(371,13): warning C4996: 'strcpy': This function or variable may be unsafe. Consider using strcpy_s instead. To disable deprecation, use _CRT_SECURE_NO_WARNINGS. See online help for details.
C:\Dev\Cockroach\Cockroach\vendor\GLFW\src\init.c(373,13): warning C4996: 'strcpy': This function or variable may be unsafe. Consider using strcpy_s instead. To disable deprecation, use _CRT_SECURE_NO_WARNINGS. See online help for details.
C:\Dev\Cockroach\Cockroach\vendor\GLFW\src\init.c(375,13): warning C4996: 'strcpy': This function or variable may be unsafe. Consider using strcpy_s instead. To disable deprecation, use _CRT_SECURE_NO_WARNINGS. See online help for details.
C:\Dev\Cockroach\Cockroach\vendor\GLFW\src\init.c(395,5): warning C4996: 'strcpy': This function or variable may be unsafe. Consider using strcpy_s instead. To disable deprecation, use _CRT_SECURE_NO_WARNINGS. See online help for details.
  input.c
C:\Dev\Cockroach\Cockroach\vendor\GLFW\src\input.c(461,5): warning C4996: 'strncpy': This function or variable may be unsafe. Consider using strncpy_s instead. To disable deprecation, use _CRT_SECURE_NO_WARNINGS. See online help for details.
C:\Dev\Cockroach\Cockroach\vendor\GLFW\src\input.c(462,5): warning C4996: 'strncpy': This function or variable may be unsafe. Consider using strncpy_s instead. To disable deprecation, use _CRT_SECURE_NO_WARNINGS. See online help for details.
  monitor.c
C:\Dev\Cockroach\Cockroach\vendor\GLFW\src\monitor.c(174,5): warning C4996: 'strncpy': This function or variable may be unsafe. Consider using strncpy_s instead. To disable deprecation, use _CRT_SECURE_NO_WARNINGS. See online help for details.
  null_init.c
  null_joystick.c
  null_monitor.c
  null_window.c
  osmesa_context.c
  platform.c
  vulkan.c
  wgl_context.c
  win32_init.c
  win32_joystick.c
C:\Dev\Cockroach\Cockroach\vendor\GLFW\src\win32_joystick.c(455,9): warning C4996: 'sprintf': This function or variable may be unsafe. Consider using sprintf_s instead. To disable deprecation, use _CRT_SECURE_NO_WARNINGS. See online help for details.
C:\Dev\Cockroach\Cockroach\vendor\GLFW\src\win32_joystick.c(463,9): warning C4996: 'sprintf': This function or variable may be unsafe. Consider using sprintf_s instead. To disable deprecation, use _CRT_SECURE_NO_WARNINGS. See online help for details.
C:\Dev\Cockroach\Cockroach\vendor\GLFW\src\win32_joystick.c(526,13): warning C4996: 'sprintf': This function or variable may be unsafe. Consider using sprintf_s instead. To disable deprecation, use _CRT_SECURE_NO_WARNINGS. See online help for details.
C:\Dev\Cockroach\Cockroach\vendor\GLFW\src\win32_joystick.c(753,9): warning C4996: 'strncpy': This function or variable may be unsafe. Consider using strncpy_s instead. To disable deprecation, use _CRT_SECURE_NO_WARNINGS. See online help for details.
C:\Dev\Cockroach\Cockroach\vendor\GLFW\src\win32_joystick.c(754,9): warning C4996: 'sprintf': This function or variable may be unsafe. Consider using sprintf_s instead. To disable deprecation, use _CRT_SECURE_NO_WARNINGS. See online help for details.
  win32_module.c
  win32_monitor.c
C:\Dev\Cockroach\Cockroach\vendor\GLFW\src\win32_monitor.c(103,5): warning C4996: 'wcscpy': This function or variable may be unsafe. Consider using wcscpy_s instead. To disable deprecation, use _CRT_SECURE_NO_WARNINGS. See online help for details.
C:\Dev\Cockroach\Cockroach\vendor\GLFW\src\win32_monitor.c(112,9): warning C4996: 'wcscpy': This function or variable may be unsafe. Consider using wcscpy_s instead. To disable deprecation, use _CRT_SECURE_NO_WARNINGS. See online help for details.
  win32_thread.c
  win32_time.c
  win32_window.c
  Generating Code...
  Compiling...
  window.c
C:\Dev\Cockroach\Cockroach\vendor\GLFW\src\window.c(409,13): warning C4996: 'strncpy': This function or variable may be unsafe. Consider using strncpy_s instead. To disable deprecation, use _CRT_SECURE_NO_WARNINGS. See online help for details.
C:\Dev\Cockroach\Cockroach\vendor\GLFW\src\window.c(413,13): warning C4996: 'strncpy': This function or variable may be unsafe. Consider using strncpy_s instead. To disable deprecation, use _CRT_SECURE_NO_WARNINGS. See online help for details.
C:\Dev\Cockroach\Cockroach\vendor\GLFW\src\window.c(417,13): warning C4996: 'strncpy': This function or variable may be unsafe. Consider using strncpy_s instead. To disable deprecation, use _CRT_SECURE_NO_WARNINGS. See online help for details.
  Generating Code...
  GLFW.vcxproj -> C:\Dev\Cockroach\Cockroach\vendor\GLFW\bin\Release-windows-x86_64\GLFW\GLFW.lib
